<?xml version="1.0" encoding="UTF-8"?>
<!-- Generated by org.testng.reporters.JUnitXMLReporter -->
<testsuite ignored="0" hostname="RAHUL-PC" failures="0" tests="3" name="Default test" time="18.904" errors="0" timestamp="2022-03-20T23:26:00 IST">
  <testcase classname="TestNGPro.Mar20_Listener" name="search" time="6.425"/>
  <testcase classname="TestNGPro.Mar20_Listener" name="search" time="3.302"/>
  <testcase classname="TestNGPro.Mar20_Listener" name="search" time="3.805"/>
</testsuite> <!-- Default test -->
