<?xml version="1.0" encoding="UTF-8"?>
<!-- Generated by org.testng.reporters.JUnitXMLReporter -->
<testsuite ignored="0" hostname="RAHUL-PC" failures="0" tests="3" name="Test" time="18.442" errors="0" timestamp="2022-03-21T00:15:10 IST">
  <testcase classname="TestNGPro.Mar20_Listener" name="search" time="7.095"/>
  <testcase classname="TestNGPro.Mar20_Listener" name="search" time="3.944"/>
  <testcase classname="TestNGPro.Mar20_Listener" name="search" time="3.773"/>
</testsuite> <!-- Test -->
