<?xml version="1.0" encoding="UTF-8"?>
<testng-results ignored="0" total="3" passed="3" failed="0" skipped="0">
  <reporter-output>
    <line>
      <![CDATA[Test started]]>
    </line>
    <line>
      <![CDATA[Test started]]>
    </line>
    <line>
      <![CDATA[Test started]]>
    </line>
  </reporter-output>
  <suite started-at="2022-03-21T00:14:52 IST" name="Suite" finished-at="2022-03-21T00:15:10 IST" duration-ms="18442">
    <groups>
    </groups>
    <test started-at="2022-03-21T00:14:52 IST" name="Test" finished-at="2022-03-21T00:15:10 IST" duration-ms="18442">
      <class name="TestNGPro.Mar20_Listener">
        <test-method is-config="true" signature="init()[pri:0, instance:TestNGPro.Mar20_Listener@15c43bd9]" started-at="2022-03-21T00:14:52 IST" name="init" finished-at="2022-03-21T00:14:55 IST" duration-ms="3574" status="PASS">
          <reporter-output>
          </reporter-output>
        </test-method> <!-- init -->
        <test-method signature="search(java.lang.String)[pri:0, instance:TestNGPro.Mar20_Listener@15c43bd9]" started-at="2022-03-21T00:14:55 IST" name="search" data-provider="dp" finished-at="2022-03-21T00:15:02 IST" duration-ms="7095" status="PASS">
          <params>
            <param index="0">
              <value>
                <![CDATA[selenium]]>
              </value>
            </param>
          </params>
          <reporter-output>
            <line>
              <![CDATA[Test started]]>
            </line>
          </reporter-output>
        </test-method> <!-- search -->
        <test-method signature="search(java.lang.String)[pri:0, instance:TestNGPro.Mar20_Listener@15c43bd9]" started-at="2022-03-21T00:15:02 IST" name="search" data-provider="dp" finished-at="2022-03-21T00:15:06 IST" duration-ms="3944" status="PASS">
          <params>
            <param index="0">
              <value>
                <![CDATA[java]]>
              </value>
            </param>
          </params>
          <reporter-output>
            <line>
              <![CDATA[Test started]]>
            </line>
          </reporter-output>
        </test-method> <!-- search -->
        <test-method signature="search(java.lang.String)[pri:0, instance:TestNGPro.Mar20_Listener@15c43bd9]" started-at="2022-03-21T00:15:06 IST" name="search" data-provider="dp" finished-at="2022-03-21T00:15:10 IST" duration-ms="3773" status="PASS">
          <params>
            <param index="0">
              <value>
                <![CDATA[jio]]>
              </value>
            </param>
          </params>
          <reporter-output>
            <line>
              <![CDATA[Test started]]>
            </line>
          </reporter-output>
        </test-method> <!-- search -->
      </class> <!-- TestNGPro.Mar20_Listener -->
    </test> <!-- Test -->
  </suite> <!-- Suite -->
</testng-results>
